# JRE version: Java(TM) SE Runtime Environment 18.9 (11.0.8+10) (build 11.0.8+10-LTS)
# Java VM: Java HotSpot(TM) 64-Bit Server VM 18.9 (11.0.8+10-LTS, mixed mode, tiered, compressed oops, parallel gc, windows-amd64)
Heap:
 PSYoungGen      total 7168K, used 1445K [0x00000000eab00000, 0x00000000eb480000, 0x0000000100000000)
  eden space 6656K, 14% used [0x00000000eab00000,0x00000000eabf1678,0x00000000eb180000)
  from space 512K, 93% used [0x00000000eb180000,0x00000000eb1f8020,0x00000000eb200000)
  to   space 1024K, 0% used [0x00000000eb380000,0x00000000eb380000,0x00000000eb480000)
 ParOldGen       total 218624K, used 177849K [0x00000000c0000000, 0x00000000cd580000, 0x00000000eab00000)
  object space 218624K, 81% used [0x00000000c0000000,0x00000000cadae4b8,0x00000000cd580000)
 Metaspace       used 92643K, capacity 96452K, committed 96728K, reserved 1134592K
  class space    used 9611K, capacity 10973K, committed 11008K, reserved 1048576K
GC Heap History (10 events):
Event: 597.466 GC heap before
{Heap before GC invocations=1032 (full 24):
 PSYoungGen      total 8192K, used 7754K [0x00000000eab00000, 0x00000000eb680000, 0x0000000100000000)
  eden space 5632K, 100% used [0x00000000eab00000,0x00000000eb080000,0x00000000eb080000)
  from space 2560K, 82% used [0x00000000eb400000,0x00000000eb612988,0x00000000eb680000)
  to   space 2560K, 0% used [0x00000000eb180000,0x00000000eb180000,0x00000000eb400000)
 ParOldGen       total 218624K, used 174873K [0x00000000c0000000, 0x00000000cd580000, 0x00000000eab00000)
  object space 218624K, 79% used [0x00000000c0000000,0x00000000caac6768,0x00000000cd580000)
 Metaspace       used 92627K, capacity 96449K, committed 96728K, reserved 1134592K
  class space    used 9611K, capacity 10972K, committed 11008K, reserved 1048576K
}
Event: 597.467 GC heap after
{Heap after GC invocations=1032 (full 24):
 PSYoungGen      total 8192K, used 1466K [0x00000000eab00000, 0x00000000eb580000, 0x0000000100000000)
  eden space 6656K, 0% used [0x00000000eab00000,0x00000000eab00000,0x00000000eb180000)
  from space 1536K, 95% used [0x00000000eb180000,0x00000000eb2ee958,0x00000000eb300000)
  to   space 2048K, 0% used [0x00000000eb380000,0x00000000eb380000,0x00000000eb580000)
 ParOldGen       total 218624K, used 175858K [0x00000000c0000000, 0x00000000cd580000, 0x00000000eab00000)
  object space 218624K, 80% used [0x00000000c0000000,0x00000000cabbc858,0x00000000cd580000)
 Metaspace       used 92627K, capacity 96449K, committed 96728K, reserved 1134592K
  class space    used 9611K, capacity 10972K, committed 11008K, reserved 1048576K
}
Event: 597.472 GC heap before
{Heap before GC invocations=1033 (full 24):
 PSYoungGen      total 8192K, used 8122K [0x00000000eab00000, 0x00000000eb580000, 0x0000000100000000)
  eden space 6656K, 99% used [0x00000000eab00000,0x00000000eb17ffe8,0x00000000eb180000)
  from space 1536K, 95% used [0x00000000eb180000,0x00000000eb2ee958,0x00000000eb300000)
  to   space 2048K, 0% used [0x00000000eb380000,0x00000000eb380000,0x00000000eb580000)
 ParOldGen       total 218624K, used 175858K [0x00000000c0000000, 0x00000000cd580000, 0x00000000eab00000)
  object space 218624K, 80% used [0x00000000c0000000,0x00000000cabbc858,0x00000000cd580000)
 Metaspace       used 92631K, capacity 96449K, committed 96728K, reserved 1134592K
  class space    used 9611K, capacity 10972K, committed 11008K, reserved 1048576K
}
Event: 597.473 GC heap after
{Heap after GC invocations=1033 (full 24):
 PSYoungGen      total 8704K, used 576K [0x00000000eab00000, 0x00000000eb480000, 0x0000000100000000)
  eden space 7680K, 0% used [0x00000000eab00000,0x00000000eab00000,0x00000000eb280000)
  from space 1024K, 56% used [0x00000000eb380000,0x00000000eb410000,0x00000000eb480000)
  to   space 1024K, 0% used [0x00000000eb280000,0x00000000eb280000,0x00000000eb380000)
 ParOldGen       total 218624K, used 175890K [0x00000000c0000000, 0x00000000cd580000, 0x00000000eab00000)
  object space 218624K, 80% used [0x00000000c0000000,0x00000000cabc4858,0x00000000cd580000)
 Metaspace       used 92631K, capacity 96449K, committed 96728K, reserved 1134592K
  class space    used 9611K, capacity 10972K, committed 11008K, reserved 1048576K
}
Event: 597.478 GC heap before
{Heap before GC invocations=1034 (full 24):
 PSYoungGen      total 8704K, used 8256K [0x00000000eab00000, 0x00000000eb480000, 0x0000000100000000)
  eden space 7680K, 100% used [0x00000000eab00000,0x00000000eb280000,0x00000000eb280000)
  from space 1024K, 56% used [0x00000000eb380000,0x00000000eb410000,0x00000000eb480000)
  to   space 1024K, 0% used [0x00000000eb280000,0x00000000eb280000,0x00000000eb380000)
 ParOldGen       total 218624K, used 175890K [0x00000000c0000000, 0x00000000cd580000, 0x00000000eab00000)
  object space 218624K, 80% used [0x00000000c0000000,0x00000000cabc4858,0x00000000cd580000)
 Metaspace       used 92631K, capacity 96449K, committed 96728K, reserved 1134592K
  class space    used 9611K, capacity 10972K, committed 11008K, reserved 1048576K
}
Event: 597.479 GC heap after
{Heap after GC invocations=1034 (full 24):
 PSYoungGen      total 8704K, used 256K [0x00000000eab00000, 0x00000000eb480000, 0x0000000100000000)
  eden space 7680K, 0% used [0x00000000eab00000,0x00000000eab00000,0x00000000eb280000)
  from space 1024K, 25% used [0x00000000eb280000,0x00000000eb2c0000,0x00000000eb380000)
  to   space 512K, 0% used [0x00000000eb400000,0x00000000eb400000,0x00000000eb480000)
 ParOldGen       total 218624K, used 176002K [0x00000000c0000000, 0x00000000cd580000, 0x00000000eab00000)
  object space 218624K, 80% used [0x00000000c0000000,0x00000000cabe0858,0x00000000cd580000)
 Metaspace       used 92631K, capacity 96449K, committed 96728K, reserved 1134592K
  class space    used 9611K, capacity 10972K, committed 11008K, reserved 1048576K
}
Event: 602.243 GC heap before
{Heap before GC invocations=1035 (full 24):
 PSYoungGen      total 8704K, used 7936K [0x00000000eab00000, 0x00000000eb480000, 0x0000000100000000)
  eden space 7680K, 100% used [0x00000000eab00000,0x00000000eb280000,0x00000000eb280000)
  from space 1024K, 25% used [0x00000000eb280000,0x00000000eb2c0000,0x00000000eb380000)
  to   space 512K, 0% used [0x00000000eb400000,0x00000000eb400000,0x00000000eb480000)
 ParOldGen       total 218624K, used 176002K [0x00000000c0000000, 0x00000000cd580000, 0x00000000eab00000)
  object space 218624K, 80% used [0x00000000c0000000,0x00000000cabe0858,0x00000000cd580000)
 Metaspace       used 92640K, capacity 96449K, committed 96728K, reserved 1134592K
  class space    used 9611K, capacity 10972K, committed 11008K, reserved 1048576K
}
Event: 602.244 GC heap after
{Heap after GC invocations=1035 (full 24):
 PSYoungGen      total 7168K, used 497K [0x00000000eab00000, 0x00000000eb880000, 0x0000000100000000)
  eden space 6656K, 0% used [0x00000000eab00000,0x00000000eab00000,0x00000000eb180000)
  from space 512K, 97% used [0x00000000eb400000,0x00000000eb47c628,0x00000000eb480000)
  to   space 2560K, 0% used [0x00000000eb180000,0x00000000eb180000,0x00000000eb400000)
 ParOldGen       total 218624K, used 177375K [0x00000000c0000000, 0x00000000cd580000, 0x00000000eab00000)
  object space 218624K, 81% used [0x00000000c0000000,0x00000000cad37e90,0x00000000cd580000)
 Metaspace       used 92640K, capacity 96449K, committed 96728K, reserved 1134592K
  class space    used 9611K, capacity 10972K, committed 11008K, reserved 1048576K
}
Event: 617.156 GC heap before
{Heap before GC invocations=1036 (full 24):
 PSYoungGen      total 7168K, used 7153K [0x00000000eab00000, 0x00000000eb880000, 0x0000000100000000)
  eden space 6656K, 100% used [0x00000000eab00000,0x00000000eb180000,0x00000000eb180000)
  from space 512K, 97% used [0x00000000eb400000,0x00000000eb47c628,0x00000000eb480000)
  to   space 2560K, 0% used [0x00000000eb180000,0x00000000eb180000,0x00000000eb400000)
 ParOldGen       total 218624K, used 177375K [0x00000000c0000000, 0x00000000cd580000, 0x00000000eab00000)
  object space 218624K, 81% used [0x00000000c0000000,0x00000000cad37e90,0x00000000cd580000)
 Metaspace       used 92643K, capacity 96452K, committed 96728K, reserved 1134592K
  class space    used 9611K, capacity 10973K, committed 11008K, reserved 1048576K
}
Event: 617.187 GC heap after
{Heap after GC invocations=1036 (full 24):
 PSYoungGen      total 7168K, used 480K [0x00000000eab00000, 0x00000000eb480000, 0x0000000100000000)
  eden space 6656K, 0% used [0x00000000eab00000,0x00000000eab00000,0x00000000eb180000)
  from space 512K, 93% used [0x00000000eb180000,0x00000000eb1f8020,0x00000000eb200000)
  to   space 1024K, 0% used [0x00000000eb380000,0x00000000eb380000,0x00000000eb480000)
 ParOldGen       total 218624K, used 177849K [0x00000000c0000000, 0x00000000cd580000, 0x00000000eab00000)
  object space 218624K, 81% used [0x00000000c0000000,0x00000000cadae4b8,0x00000000cd580000)
 Metaspace       used 92643K, capacity 96452K, committed 96728K, reserved 1134592K
  class space    used 9611K, capacity 10973K, committed 11008K, reserved 1048576K
}

